<?xml version="1.0" encoding="UTF-8"?>
<testng-results ignored="0" total="3" passed="3" failed="0" skipped="0">
  <reporter-output>
  </reporter-output>
  <suite started-at="2025-11-19T15:49:20 IST" name="Default suite" finished-at="2025-11-19T15:49:32 IST" duration-ms="11840">
    <groups>
    </groups>
    <test started-at="2025-11-19T15:49:20 IST" name="Default test" finished-at="2025-11-19T15:49:32 IST" duration-ms="11840">
      <class name="com.qa.opencart.test.LoginPageTest">
        <test-method is-config="true" signature="setUp()[pri:0, instance:com.qa.opencart.test.LoginPageTest@4c371370]" started-at="2025-11-19T15:49:20 IST" name="setUp" finished-at="2025-11-19T15:49:31 IST" duration-ms="10285" status="PASS">
          <reporter-output>
          </reporter-output>
        </test-method> <!-- setUp -->
        <test-method signature="loginPageNavigationTest()[pri:1, instance:com.qa.opencart.test.LoginPageTest@4c371370]" started-at="2025-11-19T15:49:31 IST" name="loginPageNavigationTest" finished-at="2025-11-19T15:49:31 IST" duration-ms="797" status="PASS">
          <reporter-output>
          </reporter-output>
        </test-method> <!-- loginPageNavigationTest -->
        <test-method signature="forgotPwdLinkExistTest()[pri:2, instance:com.qa.opencart.test.LoginPageTest@4c371370]" started-at="2025-11-19T15:49:31 IST" name="forgotPwdLinkExistTest" finished-at="2025-11-19T15:49:31 IST" duration-ms="27" status="PASS">
          <reporter-output>
          </reporter-output>
        </test-method> <!-- forgotPwdLinkExistTest -->
        <test-method signature="appLoginTest()[pri:3, instance:com.qa.opencart.test.LoginPageTest@4c371370]" started-at="2025-11-19T15:49:31 IST" name="appLoginTest" finished-at="2025-11-19T15:49:32 IST" duration-ms="408" status="PASS">
          <reporter-output>
          </reporter-output>
        </test-method> <!-- appLoginTest -->
        <test-method is-config="true" signature="tearDown()[pri:0, instance:com.qa.opencart.test.LoginPageTest@4c371370]" started-at="2025-11-19T15:49:32 IST" name="tearDown" finished-at="2025-11-19T15:49:32 IST" duration-ms="240" status="PASS">
          <reporter-output>
          </reporter-output>
        </test-method> <!-- tearDown -->
      </class> <!-- com.qa.opencart.test.LoginPageTest -->
    </test> <!-- Default test -->
  </suite> <!-- Default suite -->
</testng-results>
