<?xml version="1.0" encoding="UTF-8"?>
<!-- Generated by org.testng.reporters.JUnitReportReporter -->
<testsuite hostname="DESKTOP-A6V47C4" failures="0" tests="3" name="com.qa.opencart.test.LoginPageTest" time="1.232" errors="0" timestamp="2025-11-19T15:49:32 IST" skipped="0">
  <testcase classname="com.qa.opencart.test.LoginPageTest" name="loginPageNavigationTest" time="0.797"/>
  <testcase classname="com.qa.opencart.test.LoginPageTest" name="forgotPwdLinkExistTest" time="0.027"/>
  <testcase classname="com.qa.opencart.test.LoginPageTest" name="appLoginTest" time="0.408"/>
</testsuite> <!-- com.qa.opencart.test.LoginPageTest -->
