<?xml version="1.0" encoding="UTF-8"?>
<!-- Generated by org.testng.reporters.JUnitReportReporter -->
<testsuite hostname="DESKTOP-A6V47C4" failures="0" tests="5" name="com.qa.opencart.test.HomePageTest" time="1.604" errors="0" timestamp="2025-11-19T15:49:04 IST" skipped="0">
  <testcase classname="com.qa.opencart.test.HomePageTest" name="homePageTest" time="0.022"/>
  <testcase classname="com.qa.opencart.test.HomePageTest" name="homepageURLTest" time="0.007"/>
  <testcase classname="com.qa.opencart.test.HomePageTest" name="searchTest" time="0.727"/>
  <testcase classname="com.qa.opencart.test.HomePageTest" name="searchTest" time="0.408"/>
  <testcase classname="com.qa.opencart.test.HomePageTest" name="searchTest" time="0.440"/>
</testsuite> <!-- com.qa.opencart.test.HomePageTest -->
